
                              Program fit_geoblocks_tropos_v7: 2017 Apr 10

 "station_file.in" info...
 CD    2  -3753440.7000  -3912708.3000  -3348066.9000
 HB    3  -3949990.6870  -2522421.1910  -4311708.1640
 KE    4  -4147354.4530  -4581542.3840  -1573303.3100
 WA    5  -5115425.6350    477880.3040  -3767042.8370

 "calibrator_file" info...
2020OCT09_RATE_MDEL.DAT         
2020OCT09_SU_TABLE.PRTAB        
 Geodetic Calibrator:  1 0332-403      33413.65449    -400825.3980
 Geodetic Calibrator:  2 2300-683     230343.56460    -680737.4431
 Geodetic Calibrator:  3 0131-522      13305.76251    -520003.9455
 Geodetic Calibrator:  4 1143-696     114553.62416    -695401.7976
 Geodetic Calibrator:  5 1933-400     193716.21736    -395801.5531
 Geodetic Calibrator:  6 2233-148     223634.08715    -143322.1896
 Geodetic Calibrator:  7 2149+056     215137.87549      55212.9545
 Geodetic Calibrator:  8 2059+034     210138.83416      34131.3208
 Geodetic Calibrator:  9 2312-319     231448.50059    -313839.5265
 Geodetic Calibrator: 10 1549-790     155658.86989    -791404.2814
 Geodetic Calibrator: 11 1624-617     162854.68980    -615236.3980
 Geodetic Calibrator: 12 1251-713     125459.92146    -713818.4366
 Geodetic Calibrator: 13 1758-651     180323.49664    -650736.7613
 Geodetic Calibrator: 14 2326-477     232917.70435    -473019.1148
 Geodetic Calibrator: 15 2227-399     223040.27857    -394252.0673
 Geodetic Calibrator: 16 0308-611      30956.09915    -605839.0564
 Geodetic Calibrator: 17 0826-373      82804.78023    -373106.2814
 Geodetic Calibrator: 18 0627-199      62923.76187    -195919.7236
 Geodetic Calibrator: 19 1022-665     102343.53318    -664648.7176
 Geodetic Calibrator: 20 1725-795     173340.70028    -793555.7167
 Geodetic Calibrator: 21 0422-380      42442.24371    -375620.7842
 Geodetic Calibrator: 22 2351-154     235430.19517    -151311.2130
 Geodetic Calibrator: 23 0048-427       5109.50182    -422633.2934
 Geodetic Calibrator: 24 0549-575      55009.58019    -573224.3965
 Geodetic Calibrator: 25 1245-454     124828.49515    -455947.1800
 Geodetic Calibrator: 26 1057-797     105843.30977    -800354.1597
 Geodetic Calibrator: 27 1237-101     123943.06148    -102328.6926
 Geodetic Calibrator: 28 1032-199     103502.15531    -201134.3596
 Geodetic Calibrator: 29 0748+126      75052.04573     123104.8282
 Geodetic Calibrator: 30 1059+282     110214.28846     275708.6895
 Geodetic Calibrator: 31 1546+027     154929.43684      23701.1633
 Geodetic Calibrator: 32 1441+252     144356.89219     250144.4907
 Geodetic Calibrator: 33 1243-072     124604.23211     -73046.5747
 Geodetic Calibrator: 34 1619-680     162418.43699    -680912.4965
 Geodetic Calibrator: 35 0454-463      45550.77249    -461558.6798
 Geodetic Calibrator: 36 0607-157      60940.94954    -154240.6727
 Geodetic Calibrator: 37 0925-203      92751.82432    -203451.2325
 Done reading calibrator (SU) file


"control_file" info...
 Date & GAST0: 2020 10  9        11217.7559

 Observing frequency =  6.636 GHz; wavelength =  4.518 cm

 Delay unc =  3.0 cm; Rate unc = 0.003 Hz; Automatic re-weighting flag = 1.

 Input UT center time (hhmmss):       0.0

 Block  1: ut_min and max (days):  0.620  0.740
 Block  2: ut_min and max (days):  0.740  0.870
 Block  3: ut_min and max (days):  0.870  0.990
 Block  4: ut_min and max (days):  0.990  1.040
 Block  5: ut_min and max (days):  0.000  0.000
 Block  6: ut_min and max (days):  0.000  0.000
 Block  7: ut_min and max (days):  0.000  0.000
 Block  8: ut_min and max (days):  0.000  0.000
 Block  9: ut_min and max (days):  0.000  0.000
 Block 10: ut_min and max (days):  0.000  0.000

 Number of time-blocks requested =  4

 Openning geodetic data file "2020OCT09_RATE_MDEL.DAT         "
S001G_G     .UVDATA.   1  Disk= 1    SN Table version   2                       
Title: AIPS UV DATA FILE SOLUTION TABLE                                         
                                                                                
Created by      FRING on 22-OCT-2021 14:37:36                                   
Last written by Obit  on 22-OCT-2021 15:20:08                                   
 Read in    142 station-oriented delay-rate pairs within specified block UT ranges
 Generated  366 baseline geodetic-like delay/rate pairs

 Solving for 22 parameters


 Reference UT time for fits (hhmmss.s):    193519.8
  Number delays re-weighted:          124
  Number rates  re-weighted:            0

 Sigma_pdf =     0.776 for geo data (   344 degrees of freedom); geo_reweight = 1.
  Number delays re-weighted:           98
  Number rates  re-weighted:            0

 Sigma_pdf =     0.805 for geo data (   344 degrees of freedom); geo_reweight = 1.
 End iteration # 1

  Number delays re-weighted:           89
  Number rates  re-weighted:            0

 Sigma_pdf =     0.816 for geo data (   344 degrees of freedom); geo_reweight = 1.
 End iteration # 2

  Number delays re-weighted:           82
  Number rates  re-weighted:            0

 Sigma_pdf =     0.813 for geo data (   344 degrees of freedom); geo_reweight = 1.
 End iteration # 3

  Number delays re-weighted:           79
  Number rates  re-weighted:            0

 Sigma_pdf =     0.830 for geo data (   344 degrees of freedom); geo_reweight = 1.
 End iteration # 4

  Number delays re-weighted:           70
  Number rates  re-weighted:            0

 Sigma_pdf =     0.846 for geo data (   344 degrees of freedom); geo_reweight = 1.
 End iteration # 5

  Number delays re-weighted:           68
  Number rates  re-weighted:            0

 Sigma_pdf =     0.845 for geo data (   344 degrees of freedom); geo_reweight = 1.
 End iteration # 6

  Number delays re-weighted:           66
  Number rates  re-weighted:            0

 Sigma_pdf =     0.847 for geo data (   344 degrees of freedom); geo_reweight = 1.
 End iteration # 7

  Number delays re-weighted:           67
  Number rates  re-weighted:            0

 Sigma_pdf =     0.848 for geo data (   344 degrees of freedom); geo_reweight = 1.
 End iteration # 8

  Number delays re-weighted:           65
  Number rates  re-weighted:            0

 Sigma_pdf =     0.849 for geo data (   344 degrees of freedom); geo_reweight = 1.
 End iteration # 9

  Number delays re-weighted:           65
  Number rates  re-weighted:            0

 Sigma_pdf =     0.855 for geo data (   344 degrees of freedom); geo_reweight = 1.
 End iteration #10

  Number delays re-weighted:           63
  Number rates  re-weighted:            0

 Sigma_pdf =     0.867 for geo data (   344 degrees of freedom); geo_reweight = 1.
 End iteration #11

  Number delays re-weighted:           57
  Number rates  re-weighted:            0

 Sigma_pdf =     0.886 for geo data (   344 degrees of freedom); geo_reweight = 1.
 End iteration #12

  Number delays re-weighted:           50
  Number rates  re-weighted:            0

 Sigma_pdf =     0.910 for geo data (   344 degrees of freedom); geo_reweight = 1.
 End iteration #13

  Number delays re-weighted:           42
  Number rates  re-weighted:            0

 Sigma_pdf =     0.929 for geo data (   344 degrees of freedom); geo_reweight = 1.
 End iteration #14

  Number delays re-weighted:           37
  Number rates  re-weighted:            0

 Sigma_pdf =     0.931 for geo data (   344 degrees of freedom); geo_reweight = 1.
 End iteration #15

  Number delays re-weighted:           33
  Number rates  re-weighted:            0

 Sigma_pdf =     0.917 for geo data (   344 degrees of freedom); geo_reweight = 1.
 End iteration #16

  Number delays re-weighted:           30
  Number rates  re-weighted:            0

 Sigma_pdf =     0.901 for geo data (   344 degrees of freedom); geo_reweight = 1.
 End iteration #17

  Number delays re-weighted:           27
  Number rates  re-weighted:            0

 Sigma_pdf =     0.896 for geo data (   344 degrees of freedom); geo_reweight = 1.
 End iteration #18

  Number delays re-weighted:           22
  Number rates  re-weighted:            0

 Sigma_pdf =     0.894 for geo data (   344 degrees of freedom); geo_reweight = 1.
 End iteration #19

  Number delays re-weighted:           21
  Number rates  re-weighted:            0

 Sigma_pdf =     0.870 for geo data (   344 degrees of freedom); geo_reweight = 1.
 End iteration #20

  Number delays re-weighted:           22
  Number rates  re-weighted:            0

 Sigma_pdf =     0.852 for geo data (   344 degrees of freedom); geo_reweight = 1.
 End iteration #21

  Number delays re-weighted:           20
  Number rates  re-weighted:            0

 Sigma_pdf =     0.844 for geo data (   344 degrees of freedom); geo_reweight = 1.
 End iteration #22

  Number delays re-weighted:           19
  Number rates  re-weighted:            0

 Sigma_pdf =     0.841 for geo data (   344 degrees of freedom); geo_reweight = 1.
 End iteration #23

  Number delays re-weighted:           19
  Number rates  re-weighted:            0

 Sigma_pdf =     0.840 for geo data (   344 degrees of freedom); geo_reweight = 1.
 End iteration #24

  Number delays re-weighted:           19
  Number rates  re-weighted:            0

 Sigma_pdf =     0.840 for geo data (   344 degrees of freedom); geo_reweight = 1.
 End iteration #25

  Number delays re-weighted:           19
  Number rates  re-weighted:            0

 Sigma_pdf =     0.840 for geo data (   344 degrees of freedom); geo_reweight = 1.
 End iteration #26

  Number delays re-weighted:           18
  Number rates  re-weighted:            0

 Sigma_pdf =     0.840 for geo data (   344 degrees of freedom); geo_reweight = 1.
 End iteration #27

  Number delays re-weighted:           17
  Number rates  re-weighted:            0

 Sigma_pdf =     0.841 for geo data (   344 degrees of freedom); geo_reweight = 1.
 End iteration #28

  Number delays re-weighted:           17
  Number rates  re-weighted:            0

 Sigma_pdf =     0.841 for geo data (   344 degrees of freedom); geo_reweight = 1.
 End iteration #29


 PARAMETER    ORIGINAL VALUE   LEAST SQUARE VALUE  1 SIGMA ERRORS   SOLVED FOR?
  A1 C(cm)          0.000000          0.000000          0.000000         NO      
  A2 C(cm)          0.000000          0.000000          0.000000         NO      
  A3 C(cm)        -23.618831        -23.549733          1.747425         YES     
  A4 C(cm)         25.930318         26.121030          1.800066         YES     
  A5 C(cm)         28.520566         28.612266          1.705371         YES     
  A6 C(cm)          0.000000          0.000000          0.000000         NO      
  A7 C(cm)          0.000000          0.000000          0.000000         NO      
  A8 C(cm)          0.000000          0.000000          0.000000         NO      
  A9 C(cm)          0.000000          0.000000          0.000000         NO      
  A10C(cm)          0.000000          0.000000          0.000000         NO      
  A11C(cm)          0.000000          0.000000          0.000000         NO      
  A12C(cm)          0.000000          0.000000          0.000000         NO      
  A1 Rcm/h          0.000000          0.000000          0.000000         NO      
  A2 Rcm/h          0.000000          0.000000          0.000000         NO      
  A3 Rcm/h          8.422154          8.458803          0.592053         YES     
  A4 Rcm/h          0.555431          0.599714          0.550298         YES     
  A5 Rcm/h         -2.569218         -2.524889          0.560467         YES     
  A6 Rcm/h          0.000000          0.000000          0.000000         NO      
  A7 Rcm/h          0.000000          0.000000          0.000000         NO      
  A8 Rcm/h          0.000000          0.000000          0.000000         NO      
  A9 Rcm/h          0.000000          0.000000          0.000000         NO      
  A10Rcm/h          0.000000          0.000000          0.000000         NO      
  A11Rcm/h          0.000000          0.000000          0.000000         NO      
  A12Rcm/h          0.000000          0.000000          0.000000         NO      
  A1 Ac/h2          0.000000          0.000000          0.000000         NO      
  A2 Ac/h2          0.000000          0.000000          0.000000         NO      
  A3 Ac/h2          0.000000          0.000000          0.000000         NO      
  A4 Ac/h2          0.000000          0.000000          0.000000         NO      
  A5 Ac/h2          0.000000          0.000000          0.000000         NO      
  A6 Ac/h2          0.000000          0.000000          0.000000         NO      
  A7 Ac/h2          0.000000          0.000000          0.000000         NO      
  A8 Ac/h2          0.000000          0.000000          0.000000         NO      
  A9 Ac/h2          0.000000          0.000000          0.000000         NO      
  A10Ac/h2          0.000000          0.000000          0.000000         NO      
  A11Ac/h2          0.000000          0.000000          0.000000         NO      
  A12Ac/h2          0.000000          0.000000          0.000000         NO      
  A1 B1 cm          0.000000          0.000000          0.000000         NO      
  A2 B1 cm          4.799883          4.791391          0.697459         YES     
  A3 B1 cm         10.133259         10.135986          1.374330         YES     
  A4 B1 cm        -14.887728        -14.899379          0.359672         YES     
  A5 B1 cm         -1.209402         -1.205482          0.217703         YES     
  A6 B1 cm          0.000000          0.000000          0.000000         NO      
  A7 B1 cm          0.000000          0.000000          0.000000         NO      
  A8 B1 cm          0.000000          0.000000          0.000000         NO      
  A9 B1 cm          0.000000          0.000000          0.000000         NO      
  A10B1 cm          0.000000          0.000000          0.000000         NO      
  A11B1 cm          0.000000          0.000000          0.000000         NO      
  A12B1 cm          0.000000          0.000000          0.000000         NO      
  A1 B2 cm          0.000000          0.000000          0.000000         NO      
  A2 B2 cm          4.153593          4.159432          0.662710         YES     
  A3 B2 cm          9.003455          8.999721          0.798490         YES     
  A4 B2 cm        -15.435629        -15.486665          0.834367         YES     
  A5 B2 cm         -3.139621         -3.140639          0.507706         YES     
  A6 B2 cm          0.000000          0.000000          0.000000         NO      
  A7 B2 cm          0.000000          0.000000          0.000000         NO      
  A8 B2 cm          0.000000          0.000000          0.000000         NO      
  A9 B2 cm          0.000000          0.000000          0.000000         NO      
  A10B2 cm          0.000000          0.000000          0.000000         NO      
  A11B2 cm          0.000000          0.000000          0.000000         NO      
  A12B2 cm          0.000000          0.000000          0.000000         NO      
  A1 B3 cm          0.000000          0.000000          0.000000         NO      
  A2 B3 cm          3.598209          3.688733          1.047029         YES     
  A3 B3 cm          2.830673          2.878011          0.861168         YES     
  A4 B3 cm        -11.943755        -12.002256          0.409852         YES     
  A5 B3 cm         -5.741636         -5.736803          0.727834         YES     
  A6 B3 cm          0.000000          0.000000          0.000000         NO      
  A7 B3 cm          0.000000          0.000000          0.000000         NO      
  A8 B3 cm          0.000000          0.000000          0.000000         NO      
  A9 B3 cm          0.000000          0.000000          0.000000         NO      
  A10B3 cm          0.000000          0.000000          0.000000         NO      
  A11B3 cm          0.000000          0.000000          0.000000         NO      
  A12B3 cm          0.000000          0.000000          0.000000         NO      
  A1 B4 cm          0.000000          0.000000          0.000000         NO      
  A2 B4 cm         12.549494         12.715216          2.064771         YES     
  A3 B4 cm          5.331591          5.364299          1.134045         YES     
  A4 B4 cm         -8.462715         -8.480218          0.867310         YES     
  A5 B4 cm         -2.361099         -2.357217          0.209384         YES     
  A6 B4 cm          0.000000          0.000000          0.000000         NO      
  A7 B4 cm          0.000000          0.000000          0.000000         NO      
  A8 B4 cm          0.000000          0.000000          0.000000         NO      
  A9 B4 cm          0.000000          0.000000          0.000000         NO      
  A10B4 cm          0.000000          0.000000          0.000000         NO      
  A11B4 cm          0.000000          0.000000          0.000000         NO      
  A12B4 cm          0.000000          0.000000          0.000000         NO      
  A1 B5 cm          0.000000          0.000000          0.000000         NO      
  A2 B5 cm          0.000000          0.000000          0.000000         NO      
  A3 B5 cm          0.000000          0.000000          0.000000         NO      
  A4 B5 cm          0.000000          0.000000          0.000000         NO      
  A5 B5 cm          0.000000          0.000000          0.000000         NO      
  A6 B5 cm          0.000000          0.000000          0.000000         NO      
  A7 B5 cm          0.000000          0.000000          0.000000         NO      
  A8 B5 cm          0.000000          0.000000          0.000000         NO      
  A9 B5 cm          0.000000          0.000000          0.000000         NO      
  A10B5 cm          0.000000          0.000000          0.000000         NO      
  A11B5 cm          0.000000          0.000000          0.000000         NO      
  A12B5 cm          0.000000          0.000000          0.000000         NO      
  A1 B6 cm          0.000000          0.000000          0.000000         NO      
  A2 B6 cm          0.000000          0.000000          0.000000         NO      
  A3 B6 cm          0.000000          0.000000          0.000000         NO      
  A4 B6 cm          0.000000          0.000000          0.000000         NO      
  A5 B6 cm          0.000000          0.000000          0.000000         NO      
  A6 B6 cm          0.000000          0.000000          0.000000         NO      
  A7 B6 cm          0.000000          0.000000          0.000000         NO      
  A8 B6 cm          0.000000          0.000000          0.000000         NO      
  A9 B6 cm          0.000000          0.000000          0.000000         NO      
  A10B6 cm          0.000000          0.000000          0.000000         NO      
  A11B6 cm          0.000000          0.000000          0.000000         NO      
  A12B6 cm          0.000000          0.000000          0.000000         NO      
  A1 B7 cm          0.000000          0.000000          0.000000         NO      
  A2 B7 cm          0.000000          0.000000          0.000000         NO      
  A3 B7 cm          0.000000          0.000000          0.000000         NO      
  A4 B7 cm          0.000000          0.000000          0.000000         NO      
  A5 B7 cm          0.000000          0.000000          0.000000         NO      
  A6 B7 cm          0.000000          0.000000          0.000000         NO      
  A7 B7 cm          0.000000          0.000000          0.000000         NO      
  A8 B7 cm          0.000000          0.000000          0.000000         NO      
  A9 B7 cm          0.000000          0.000000          0.000000         NO      
  A10B7 cm          0.000000          0.000000          0.000000         NO      
  A11B7 cm          0.000000          0.000000          0.000000         NO      
  A12B7 cm          0.000000          0.000000          0.000000         NO      
  A1 B8 cm          0.000000          0.000000          0.000000         NO      
  A2 B8 cm          0.000000          0.000000          0.000000         NO      
  A3 B8 cm          0.000000          0.000000          0.000000         NO      
  A4 B8 cm          0.000000          0.000000          0.000000         NO      
  A5 B8 cm          0.000000          0.000000          0.000000         NO      
  A6 B8 cm          0.000000          0.000000          0.000000         NO      
  A7 B8 cm          0.000000          0.000000          0.000000         NO      
  A8 B8 cm          0.000000          0.000000          0.000000         NO      
  A9 B8 cm          0.000000          0.000000          0.000000         NO      
  A10B8 cm          0.000000          0.000000          0.000000         NO      
  A11B8 cm          0.000000          0.000000          0.000000         NO      
  A12B8 cm          0.000000          0.000000          0.000000         NO      
  A1 B9 cm          0.000000          0.000000          0.000000         NO      
  A2 B9 cm          0.000000          0.000000          0.000000         NO      
  A3 B9 cm          0.000000          0.000000          0.000000         NO      
  A4 B9 cm          0.000000          0.000000          0.000000         NO      
  A5 B9 cm          0.000000          0.000000          0.000000         NO      
  A6 B9 cm          0.000000          0.000000          0.000000         NO      
  A7 B9 cm          0.000000          0.000000          0.000000         NO      
  A8 B9 cm          0.000000          0.000000          0.000000         NO      
  A9 B9 cm          0.000000          0.000000          0.000000         NO      
  A10B9 cm          0.000000          0.000000          0.000000         NO      
  A11B9 cm          0.000000          0.000000          0.000000         NO      
  A12B9 cm          0.000000          0.000000          0.000000         NO      
  A1 B10cm          0.000000          0.000000          0.000000         NO      
  A2 B10cm          0.000000          0.000000          0.000000         NO      
  A3 B10cm          0.000000          0.000000          0.000000         NO      
  A4 B10cm          0.000000          0.000000          0.000000         NO      
  A5 B10cm          0.000000          0.000000          0.000000         NO      
  A6 B10cm          0.000000          0.000000          0.000000         NO      
  A7 B10cm          0.000000          0.000000          0.000000         NO      
  A8 B10cm          0.000000          0.000000          0.000000         NO      
  A9 B10cm          0.000000          0.000000          0.000000         NO      
  A10B10cm          0.000000          0.000000          0.000000         NO      
  A11B10cm          0.000000          0.000000          0.000000         NO      
  A12B10cm          0.000000          0.000000          0.000000         NO      

           THE CORRELATION COEFFICIENTS
   1.00  0.57  0.64  0.39  0.40  0.44  0.01 -0.26 -0.02 -0.01  0.36 -0.35 -0.06 -0.01  0.56 -0.25  0.06  0.01  0.57 -0.18
   0.11  0.06
   0.57  1.00  0.65  0.38  0.46  0.42  0.13  0.09 -0.20  0.09  0.30 -0.06 -0.43 -0.10  0.66  0.20 -0.23  0.10  0.56  0.09
  -0.22  0.06
   0.64  0.65  1.00  0.44  0.42  0.48  0.18  0.13  0.06 -0.10  0.43  0.03 -0.04 -0.26  0.63  0.08  0.07 -0.27  0.66  0.16
   0.17 -0.06
   0.39  0.38  0.44  1.00  0.60  0.67 -0.23  0.41  0.02  0.11  0.05  0.05 -0.09 -0.10  0.49 -0.16  0.03 -0.04  0.64 -0.29
   0.16  0.08
   0.40  0.46  0.42  0.60  1.00  0.71 -0.40 -0.07  0.24 -0.02  0.08 -0.05 -0.03 -0.03  0.58  0.13 -0.11  0.05  0.64  0.12
  -0.23  0.06
   0.44  0.42  0.48  0.67  0.71  1.00 -0.46 -0.09 -0.07  0.21  0.06 -0.09 -0.09  0.01  0.56  0.04  0.04 -0.17  0.75  0.20
   0.20 -0.08
   0.01  0.13  0.18 -0.23 -0.40 -0.46  1.00  0.45  0.17  0.16  0.18  0.09 -0.06 -0.14 -0.07  0.01 -0.01 -0.01 -0.20 -0.08
  -0.01  0.02
  -0.26  0.09  0.13  0.41 -0.07 -0.09  0.45  1.00  0.16  0.24 -0.02  0.32 -0.09 -0.20  0.02  0.02 -0.03 -0.05  0.03 -0.20
   0.06  0.05
  -0.02 -0.20  0.06  0.02  0.24 -0.07  0.17  0.16  1.00 -0.00  0.02  0.05  0.25 -0.07 -0.01 -0.01  0.05 -0.04  0.00 -0.01
  -0.08  0.03
  -0.01  0.09 -0.10  0.11 -0.02  0.21  0.16  0.24 -0.00  1.00 -0.09 -0.04 -0.15  0.08  0.03 -0.00 -0.03  0.02  0.08  0.01
   0.07 -0.02
   0.36  0.30  0.43  0.05  0.08  0.06  0.18 -0.02  0.02 -0.09  1.00  0.47  0.37  0.40  0.25  0.00  0.02 -0.08  0.21  0.03
   0.04 -0.01
  -0.35 -0.06  0.03  0.05 -0.05 -0.09  0.09  0.32  0.05 -0.04  0.47  1.00  0.40  0.36 -0.07  0.15 -0.02 -0.09 -0.06  0.09
  -0.00 -0.03
  -0.06 -0.43 -0.04 -0.09 -0.03 -0.09 -0.06 -0.09  0.25 -0.15  0.37  0.40  1.00  0.34 -0.17 -0.12  0.17 -0.14 -0.10 -0.02
   0.15 -0.04
  -0.01 -0.10 -0.26 -0.10 -0.03  0.01 -0.14 -0.20 -0.07  0.08  0.40  0.36  0.34  1.00 -0.09 -0.06 -0.02  0.11 -0.09 -0.03
  -0.04  0.02
   0.56  0.66  0.63  0.49  0.58  0.56 -0.07  0.02 -0.01  0.03  0.25 -0.07 -0.17 -0.09  1.00  0.42  0.26  0.30  0.62  0.08
  -0.03  0.02
  -0.25  0.20  0.08 -0.16  0.13  0.04  0.01  0.02 -0.01 -0.00  0.00  0.15 -0.12 -0.06  0.42  1.00  0.27  0.41  0.02  0.36
  -0.21 -0.06
   0.06 -0.23  0.07  0.03 -0.11  0.04 -0.01 -0.03  0.05 -0.03  0.02 -0.02  0.17 -0.02  0.26  0.27  1.00  0.22  0.01 -0.04
   0.25 -0.06
   0.01  0.10 -0.27 -0.04  0.05 -0.17 -0.01 -0.05 -0.04  0.02 -0.08 -0.09 -0.14  0.11  0.30  0.41  0.22  1.00 -0.13 -0.17
  -0.28  0.13
   0.57  0.56  0.66  0.64  0.64  0.75 -0.20  0.03  0.00  0.08  0.21 -0.06 -0.10 -0.09  0.62  0.02  0.01 -0.13  1.00  0.26
   0.33  0.22
  -0.18  0.09  0.16 -0.29  0.12  0.20 -0.08 -0.20 -0.01  0.01  0.03  0.09 -0.02 -0.03  0.08  0.36 -0.04 -0.17  0.26  1.00
   0.18  0.12
   0.11 -0.22  0.17  0.16 -0.23  0.20 -0.01  0.06 -0.08  0.07  0.04 -0.00  0.15 -0.04 -0.03 -0.21  0.25 -0.28  0.33  0.18
   1.00  0.20
   0.06  0.06 -0.06  0.08  0.06 -0.08  0.02  0.05  0.03 -0.02 -0.01 -0.03 -0.04  0.02  0.02 -0.06 -0.06  0.13  0.22  0.12
   0.20  1.00



          THE MULTIPLE CORRELATION COEFFICIENTS

          A3 C(cm)     0.88957
          A4 C(cm)     0.86080
          A5 C(cm)     0.88097
          A3 Rcm/h     0.89610
          A4 Rcm/h     0.85209
          A5 Rcm/h     0.87978
          A2 B1 cm     0.68105
          A3 B1 cm     0.79255
          A4 B1 cm     0.45840
          A5 B1 cm     0.41226
          A2 B2 cm     0.66759
          A3 B2 cm     0.67263
          A4 B2 cm     0.57657
          A5 B2 cm     0.53594
          A2 B3 cm     0.81996
          A3 B3 cm     0.71413
          A4 B3 cm     0.47875
          A5 B3 cm     0.62730
          A2 B4 cm     0.83692
          A3 B4 cm     0.69357
          A4 B4 cm     0.69651
          A5 B4 cm     0.37278
  Number delays re-weighted:           17
  Number rates  re-weighted:            0

 Sigma_pdf =     0.841 for geo data (   344 degrees of freedom); geo_reweight = 1.
 End iteration #30

