#############################################
### Using definition file from 2021/11/30 ###
### Using AIPS Version 31DEC19            ###
#############################################
######################
12:29:47 on 2022/12/08
######################
##################################
##################################
File 0: S010H_G C band, 4 Stokes, 32 channels 8 IFs (geoblock data)
File 1: S010H_C C band, 4 Stokes, 32 channels 8 IFs (continuum data)
File 2: S010H_L C band, 4 Stokes, 2048 channels 1 IFs (line data)
Found 3 data files on disk.
######################
12:29:47 on 2022/12/08
######################
######################
12:29:47 on 2022/12/08
######################
#######################################
Processing phase-ref file: S010H_C
#######################################
#######################################
Processing phase-ref file: S010H_L
#######################################
Deleting old CL tables.
Deleting old SN tables.
SN and CL tables ok.
Deleting old CL tables.
Deleting old SN tables.
######################
Selected channel: 513
######################
Using shifted data (CVEL).
